IF YOU HAVE MORE THAN 10 TABS OPENED, PLEASE CLOSE OR BOOKMARK THEM! Or it's highly likely that application will just open browser and not do anything!
Default profile directory not found. Logging in with a guest profile, Web history will not be saved!
Login successful!

########################################################################################################################

Date and Time: 2025-11-05 15:05:31.184160
Cycle number: 1
Currently looking for jobs posted within 'Past week' and sorting them by ''

________________________________________________________________________________________________________________________


>>>> Now searching for "Java Developer" <<<<


Setting search location as: "India"

-@-

Already applied to "Software Engineer | Triple-" job. Job ID: 4334155523!

-@-

Trying to Apply to "Backend Engineer (Remote - India) | Jobgethe" job. Job ID: 4337970491
HR info was not given for "Backend Engineer (Remote - India)" with Job ID: 4337970491!
Time Posted: India · 34 minutes ago · 19 applicants
No response insights available yet

About the job
This position is posted by Jobgether on behalf of a partner company. We are currently looking for a Backend Engineer in India.

This role offers the opportunity to work on high-performance, large-scale backend systems that support millions of users daily. You will develop microservices in a distributed environment, leveraging containerization technologies like Docker and Kubernetes, and contribute to the core logic of cutting-edge applications. The position allows you to work with modern tools and frameworks while designing highly transactional, scalable systems. You will collaborate closely with product owners, engineers, and stakeholders to implement new features, optimize performance, and ensure system reliability. Mentoring junior team members and participating in code reviews and agile ceremonies are also key aspects of the role. This is an ideal opportunity for engineers eager to work on innovative projects in a dynamic, fast-growing technology environment.

Accountabilities:

Develop and maintain highly-scalable backend services for millions of users
Implement microservices architecture with REST APIs, message queues, and cloud-native technologies
Collaborate with product owners and development teams to define and implement new features and user stories
Participate in code reviews and ensure adherence to design standards and best practices
Diagnose and resolve production issues to maintain high system uptime and reliability
Mentor junior engineers and support team knowledge sharing
Participate in all agile ceremonies, including sprint planning, grooming, demos, and retrospectives
Potential on-call responsibilities depending on team needs and tenure


Requirements

Minimum 3+ years of relevant backend development experience
Strong proficiency in Java and object-oriented programming principles
Experience with Spring Boot, Spring Cloud, Spring Data, and iBATIS (preferred)
Solid understanding of microservices architecture and designing highly transactional systems
Proficient in SQL, database technologies (MySQL, MongoDB), caching (Redis, Elasticsearch), and message queues (RocketMQ, RabbitMQ)
Hands-on experience with containerization and cloud technologies such as Docker, Kubernetes, and AWS
Familiarity with monitoring tools like Grafana, Prometheus, and AWS CloudWatch
Strong problem-solving skills, independent work ethic, and excellent English communication skills
Advanced knowledge of software qualities such as resiliency, maintainability, and modern testing techniques


Benefits

Remote-first work environment with flexible arrangements
Competitive salary with individual performance-based quarterly bonuses
21 days of paid annual leave plus 12 public holidays
Health and life insurance coverage
Referral and flash bonuses
Top-of-the-line equipment for work
On-call compensation
Annual company retreats and team-building activities

Jobgether is a Talent Matching Platform that partners with companies worldwide to efficiently connect top talent with the right opportunities through AI-driven job matching.

When you apply, your profile goes through our AI-powered screening process designed to identify top talent efficiently and fairly.

🔍 Our AI evaluates your CV and LinkedIn profile thoroughly, analyzing your skills, experience, and achievements.

📊 It compares your profile to the job's core requirements and past success factors to determine your match score.

🎯 Based on this analysis, we automatically shortlist the 3 candidates with the highest match to the role.

🧠 When necessary, our human team may perform an additional manual review to ensure no strong profile is missed.

The process is transparent, skills-based, and free of bias — focusing solely on your fit for the role. Once the shortlist is completed, we share it directly with the company that owns the job opening. The final decision and next steps (such as interviews or additional assessments) are then made by their internal hiring team.

Thank you for your interest!

Experience required 3 > Current Experience 2. Skipping this job!


-@-

Trying to Apply to "Java Software Engineer | Talentise" job. Job ID: 4320831504
HR info was not given for "Java Software Engineer" with Job ID: 4320831504!
Time Posted: Hyderabad, Telangana, India · 3 hours ago · Over 100 applicants
Promoted by hirer · No response insights available yet

About the job
🚀 We’re Hiring: Software Engineers (Java) – Product Companies Only
Join our engineering team to design and build secure, scalable, cloud-native enterprise software that powers critical data exchange workflows for global customers.
We are specifically looking for engineers with 2–4+ years of Java experience in product-based organizations. If you’ve been part of true product development and want to solve challenging enterprise problems, this is the role for you.
🌟 What You’ll Do
Develop backend services and microservices in Java (Spring Boot).
Implement and consume REST APIs for enterprise integrations.
Apply OOP, design patterns, and architecture principles in system design.
Enhance logging, monitoring, and observability for production systems.
Ensure security and compliance across file transfer workflows.
Collaborate in Agile Scrum with Product, QA, and DevOps.
Deliver clean, testable, and maintainable code.
✅ What We’re Looking For
2–4+ years of professional software engineering experience (product companies only).
Strong coding skills in Java, with Spring Boot & REST API expertise.
Solid understanding of SQL and relational databases (NoSQL familiarity is a plus).
Experience with Agile (Scrum/Kanban) methodologies.
Familiarity with cloud platforms (AWS, Azure, GCP).
Strong problem-solving and collaboration skills.
🎁 Bonus Points
Exposure to modern UI frameworks (React).
Knowledge of secure file transfer protocols and enterprise security.
Experience with CI/CD, unit & integration testing frameworks.

Experience required 4 > Current Experience 2. Skipping this job!


-@-

Trying to Apply to "Software Development Engineer II | Jove" job. Job ID: 4337490859
HR info was not given for "Software Development Engineer II" with Job ID: 4337490859!
Time Posted: India · 2 days ago · Over 100 applicants
Promoted by hirer · No response insights available yet

About the job
About Joveo:
As the global leader in AI-powered, high-performance recruitment marketing, Joveo is transforming talent attraction and recruitment media buying for the world’s largest employers, staffing firms, RPOs, and media agencies. The Joveo platform enables businesses to attract, source, engage, and hire the best candidates on time and within budget.
Backed by marquee investors like Nexus Ventures Partners, Joveo has been featured in Inc. Magazine’s List of America’s Fastest-Growing Private Companies for three years in a row.
Powering millions of jobs every day, Joveo’s data-driven recruitment marketing platform uses advanced data science and machine learning to dynamically manage and optimize talent sourcing and applications across all online channels while providing real-time insights at every step of the job seeker journey, from click to hire.
For more information about Joveo’s award-winning platform, visit www.joveo.com.


Responsibilities:
You will be part of a small team, with a large amount of ownership and responsibility for managing things directly.
Ownership of product/feature end-to-end for all phases from the development to the production.
Ensuring the developed features are scalable and highly available with no quality concerns
You will deliver high-quality solutions with a sense of urgency and speed.
You will work closely with product managers, other teams, and both internal and external stakeholders, owning a large part of the process from problem understanding to shipping the solution.
You will have the freedom to suggest and drive organisation-wide initiatives.

Requirements:
3+ years of experience as a Development Engineer with Bachelor's degree in Computer Science, computer engineering, electrical engineering or equivalent work experience.
Experience with at least one the following languages: Java, and/or any functional language.
Experience with software engineering best practices (e. g. unit testing, code reviews design documentation).
A blend of product, system, and people knowledge that lets you jump into fast-paced environment and contribute from day one.
An ability to balance a sense of urgency with shipping high quality and pragmatic solutions.
Extensive experience working with a large code base and cross-functional team.
Self-motivation and enjoyment for a startup environment.

Experience required 3 > Current Experience 2. Skipping this job!
called Tcl_FindHashEntry on deleted table
